[INFO] Scanning for projects...
[INFO] 
[INFO] ------------------------< com.stock:stock-api >-------------------------
[INFO] Building stock-api 1.0.0
[INFO]   from pom.xml
[INFO] --------------------------------[ jar ]---------------------------------
[INFO] 
[INFO] >>> spring-boot:3.2.0:run (default-cli) > test-compile @ stock-api >>>
[INFO] 
[INFO] --- resources:3.3.1:resources (default-resources) @ stock-api ---
[INFO] Copying 1 resource from src\main\resources to target\classes
[INFO] Copying 1 resource from src\main\resources to target\classes
[INFO] 
[INFO] --- compiler:3.11.0:compile (default-compile) @ stock-api ---
[INFO] Nothing to compile - all classes are up to date
[INFO] 
[INFO] --- resources:3.3.1:testResources (default-testResources) @ stock-api ---
[INFO] skip non existing resourceDirectory C:\Users\sodjine.agbanavon\Workspace\java_springboot_stock_api\src\test\resources
[INFO] 
[INFO] --- compiler:3.11.0:testCompile (default-testCompile) @ stock-api ---
[INFO] No sources to compile
[INFO] 
[INFO] <<< spring-boot:3.2.0:run (default-cli) < test-compile @ stock-api <<<
[INFO] 
[INFO] 
[INFO] --- spring-boot:3.2.0:run (default-cli) @ stock-api ---
[INFO] Attaching agents: []

  .   ____          _            __ _ _
 /\\ / ___'_ __ _ _(_)_ __  __ _ \ \ \ \
( ( )\___ | '_ | '_| | '_ \/ _` | \ \ \ \
 \\/  ___)| |_)| | | | | || (_| |  ) ) ) )
  '  |____| .__|_| |_|_| |_\__, | / / / /
 =========|_|==============|___/=/_/_/_/
 :: Spring Boot ::                (v3.2.0)

2025-08-16T12:23:08.313Z  INFO 30216 --- [           main] com.stock.api.StockApiApplication        : Starting StockApiApplication using Java 17.0.9 with PID 30216 (C:\Users\sodjine.agbanavon\Workspace\java_springboot_stock_api\target\classes started by sodjine.agbanavon in C:\Users\sodjine.agbanavon\Workspace\java_springboot_stock_api)
2025-08-16T12:23:08.314Z DEBUG 30216 --- [           main] com.stock.api.StockApiApplication        : Running with Spring Boot v3.2.0, Spring v6.1.1
2025-08-16T12:23:08.315Z  INFO 30216 --- [           main] com.stock.api.StockApiApplication        : No active profile set, falling back to 1 default profile: "default"
2025-08-16T12:23:08.816Z  INFO 30216 --- [           main] .s.d.r.c.RepositoryConfigurationDelegate : Bootstrapping Spring Data JPA repositories in DEFAULT mode.
2025-08-16T12:23:08.861Z  INFO 30216 --- [           main] .s.d.r.c.RepositoryConfigurationDelegate : Finished Spring Data repository scanning in 37 ms. Found 1 JPA repository interface.
2025-08-16T12:23:09.403Z  INFO 30216 --- [           main] o.s.b.w.embedded.tomcat.TomcatWebServer  : Tomcat initialized with port 8080 (http)
2025-08-16T12:23:09.413Z  INFO 30216 --- [           main] o.apache.catalina.core.StandardService   : Starting service [Tomcat]
2025-08-16T12:23:09.413Z  INFO 30216 --- [           main] o.apache.catalina.core.StandardEngine    : Starting Servlet engine: [Apache Tomcat/10.1.16]
2025-08-16T12:23:09.468Z  INFO 30216 --- [           main] o.a.c.c.C.[Tomcat].[localhost].[/]       : Initializing Spring embedded WebApplicationContext
2025-08-16T12:23:09.469Z  INFO 30216 --- [           main] w.s.c.ServletWebServerApplicationContext : Root WebApplicationContext: initialization completed in 1116 ms
2025-08-16T12:23:09.497Z  INFO 30216 --- [           main] com.zaxxer.hikari.HikariDataSource       : HikariPool-1 - Starting...
2025-08-16T12:23:09.647Z  INFO 30216 --- [           main] com.zaxxer.hikari.pool.HikariPool        : HikariPool-1 - Added connection conn0: url=jdbc:h2:mem:stockdb user=SA
2025-08-16T12:23:09.653Z  INFO 30216 --- [           main] com.zaxxer.hikari.HikariDataSource       : HikariPool-1 - Start completed.
2025-08-16T12:23:09.660Z  INFO 30216 --- [           main] o.s.b.a.h2.H2ConsoleAutoConfiguration    : H2 console available at '/h2-console'. Database available at 'jdbc:h2:mem:stockdb'
2025-08-16T12:23:09.709Z  WARN 30216 --- [           main] ConfigServletWebServerApplicationContext : Exception encountered during context initialization - cancelling refresh attempt: org.springframework.beans.factory.BeanCreationException: Error creating bean with name 'dataSourceScriptDatabaseInitializer' defined in class path resource [org/springframework/boot/autoconfigure/sql/init/DataSourceInitializationConfiguration.class]: Failed to execute SQL script statement #1 of file [C:\Users\sodjine.agbanavon\Workspace\java_springboot_stock_api\target\classes\data.sql]: INSERT INTO products (name, description, reference, quantity, price, created_at, updated_at) VALUES ('Ordinateur Portable', 'Ordinateur portable Dell Inspiron 15', 'DELL-INS-001', 25, 899.99, CURRENT_TIMESTAMP, CURRENT_TIMESTAMP), ('Souris Sans Fil', 'Souris optique sans fil Logitech', 'LOG-MOUSE-001', 150, 29.99, CURRENT_TIMESTAMP, CURRENT_TIMESTAMP), ('Clavier Mécanique', 'Clavier mécanique RGB gaming', 'GAM-KEY-001', 45, 129.99, CURRENT_TIMESTAMP, CURRENT_TIMESTAMP), ('Écran 24 pouces', 'Moniteur LED Full HD 24 pouces', 'MON-24-001', 12, 199.99, CURRENT_TIMESTAMP, CURRENT_TIMESTAMP), ('Disque Dur SSD', 'SSD 500GB Samsung EVO', 'SSD-SAM-500', 0, 79.99, CURRENT_TIMESTAMP, CURRENT_TIMESTAMP), ('Webcam HD', 'Webcam 1080p avec microphone intégré', 'WEB-HD-001', 8, 49.99, CURRENT_TIMESTAMP, CURRENT_TIMESTAMP), ('Casque Audio', 'Casque audio stéréo professionnel', 'AUD-PRO-001', 35, 89.99, CURRENT_TIMESTAMP, CURRENT_TIMESTAMP)
2025-08-16T12:23:09.710Z  INFO 30216 --- [           main] com.zaxxer.hikari.HikariDataSource       : HikariPool-1 - Shutdown initiated...
2025-08-16T12:23:09.712Z  INFO 30216 --- [           main] com.zaxxer.hikari.HikariDataSource       : HikariPool-1 - Shutdown completed.
2025-08-16T12:23:09.713Z  INFO 30216 --- [           main] o.apache.catalina.core.StandardService   : Stopping service [Tomcat]
2025-08-16T12:23:09.725Z  INFO 30216 --- [           main] .s.b.a.l.ConditionEvaluationReportLogger : 

Error starting ApplicationContext. To display the condition evaluation report re-run your application with 'debug' enabled.
2025-08-16T12:23:09.737Z ERROR 30216 --- [           main] o.s.boot.SpringApplication               : Application run failed

org.springframework.beans.factory.BeanCreationException: Error creating bean with name 'dataSourceScriptDatabaseInitializer' defined in class path resource [org/springframework/boot/autoconfigure/sql/init/DataSourceInitializationConfiguration.class]: Failed to execute SQL script statement #1 of file [C:\Users\sodjine.agbanavon\Workspace\java_springboot_stock_api\target\classes\data.sql]: INSERT INTO products (name, description, reference, quantity, price, created_at, updated_at) VALUES ('Ordinateur Portable', 'Ordinateur portable Dell Inspiron 15', 'DELL-INS-001', 25, 899.99, CURRENT_TIMESTAMP, CURRENT_TIMESTAMP), ('Souris Sans Fil', 'Souris optique sans fil Logitech', 'LOG-MOUSE-001', 150, 29.99, CURRENT_TIMESTAMP, CURRENT_TIMESTAMP), ('Clavier Mécanique', 'Clavier mécanique RGB gaming', 'GAM-KEY-001', 45, 129.99, CURRENT_TIMESTAMP, CURRENT_TIMESTAMP), ('Écran 24 pouces', 'Moniteur LED Full HD 24 pouces', 'MON-24-001', 12, 199.99, CURRENT_TIMESTAMP, CURRENT_TIMESTAMP), ('Disque Dur SSD', 'SSD 500GB Samsung EVO', 'SSD-SAM-500', 0, 79.99, CURRENT_TIMESTAMP, CURRENT_TIMESTAMP), ('Webcam HD', 'Webcam 1080p avec microphone intégré', 'WEB-HD-001', 8, 49.99, CURRENT_TIMESTAMP, CURRENT_TIMESTAMP), ('Casque Audio', 'Casque audio stéréo professionnel', 'AUD-PRO-001', 35, 89.99, CURRENT_TIMESTAMP, CURRENT_TIMESTAMP)
	at org.springframework.beans.factory.support.AbstractAutowireCapableBeanFactory.initializeBean(AbstractAutowireCapableBeanFactory.java:1775) ~[spring-beans-6.1.1.jar:6.1.1]
	at org.springframework.beans.factory.support.AbstractAutowireCapableBeanFactory.doCreateBean(AbstractAutowireCapableBeanFactory.java:601) ~[spring-beans-6.1.1.jar:6.1.1]
	at org.springframework.beans.factory.support.AbstractAutowireCapableBeanFactory.createBean(AbstractAutowireCapableBeanFactory.java:523) ~[spring-beans-6.1.1.jar:6.1.1]
	at org.springframework.beans.factory.support.AbstractBeanFactory.lambda$doGetBean$0(AbstractBeanFactory.java:325) ~[spring-beans-6.1.1.jar:6.1.1]
	at org.springframework.beans.factory.support.DefaultSingletonBeanRegistry.getSingleton(DefaultSingletonBeanRegistry.java:234) ~[spring-beans-6.1.1.jar:6.1.1]
	at org.springframework.beans.factory.support.AbstractBeanFactory.doGetBean(AbstractBeanFactory.java:323) ~[spring-beans-6.1.1.jar:6.1.1]
	at org.springframework.beans.factory.support.AbstractBeanFactory.getBean(AbstractBeanFactory.java:199) ~[spring-beans-6.1.1.jar:6.1.1]
	at org.springframework.beans.factory.support.AbstractBeanFactory.doGetBean(AbstractBeanFactory.java:312) ~[spring-beans-6.1.1.jar:6.1.1]
	at org.springframework.beans.factory.support.AbstractBeanFactory.getBean(AbstractBeanFactory.java:199) ~[spring-beans-6.1.1.jar:6.1.1]
	at org.springframework.context.support.AbstractApplicationContext.getBean(AbstractApplicationContext.java:1173) ~[spring-context-6.1.1.jar:6.1.1]
	at org.springframework.context.support.AbstractApplicationContext.finishBeanFactoryInitialization(AbstractApplicationContext.java:936) ~[spring-context-6.1.1.jar:6.1.1]
	at org.springframework.context.support.AbstractApplicationContext.refresh(AbstractApplicationContext.java:616) ~[spring-context-6.1.1.jar:6.1.1]
	at org.springframework.boot.web.servlet.context.ServletWebServerApplicationContext.refresh(ServletWebServerApplicationContext.java:146) ~[spring-boot-3.2.0.jar:3.2.0]
	at org.springframework.boot.SpringApplication.refresh(SpringApplication.java:753) ~[spring-boot-3.2.0.jar:3.2.0]
	at org.springframework.boot.SpringApplication.refreshContext(SpringApplication.java:455) ~[spring-boot-3.2.0.jar:3.2.0]
	at org.springframework.boot.SpringApplication.run(SpringApplication.java:323) ~[spring-boot-3.2.0.jar:3.2.0]
	at org.springframework.boot.SpringApplication.run(SpringApplication.java:1342) ~[spring-boot-3.2.0.jar:3.2.0]
	at org.springframework.boot.SpringApplication.run(SpringApplication.java:1331) ~[spring-boot-3.2.0.jar:3.2.0]
	at com.stock.api.StockApiApplication.main(StockApiApplication.java:9) ~[classes/:na]
Caused by: org.springframework.jdbc.datasource.init.ScriptStatementFailedException: Failed to execute SQL script statement #1 of file [C:\Users\sodjine.agbanavon\Workspace\java_springboot_stock_api\target\classes\data.sql]: INSERT INTO products (name, description, reference, quantity, price, created_at, updated_at) VALUES ('Ordinateur Portable', 'Ordinateur portable Dell Inspiron 15', 'DELL-INS-001', 25, 899.99, CURRENT_TIMESTAMP, CURRENT_TIMESTAMP), ('Souris Sans Fil', 'Souris optique sans fil Logitech', 'LOG-MOUSE-001', 150, 29.99, CURRENT_TIMESTAMP, CURRENT_TIMESTAMP), ('Clavier Mécanique', 'Clavier mécanique RGB gaming', 'GAM-KEY-001', 45, 129.99, CURRENT_TIMESTAMP, CURRENT_TIMESTAMP), ('Écran 24 pouces', 'Moniteur LED Full HD 24 pouces', 'MON-24-001', 12, 199.99, CURRENT_TIMESTAMP, CURRENT_TIMESTAMP), ('Disque Dur SSD', 'SSD 500GB Samsung EVO', 'SSD-SAM-500', 0, 79.99, CURRENT_TIMESTAMP, CURRENT_TIMESTAMP), ('Webcam HD', 'Webcam 1080p avec microphone intégré', 'WEB-HD-001', 8, 49.99, CURRENT_TIMESTAMP, CURRENT_TIMESTAMP), ('Casque Audio', 'Casque audio stéréo professionnel', 'AUD-PRO-001', 35, 89.99, CURRENT_TIMESTAMP, CURRENT_TIMESTAMP)
	at org.springframework.jdbc.datasource.init.ScriptUtils.executeSqlScript(ScriptUtils.java:282) ~[spring-jdbc-6.1.1.jar:6.1.1]
	at org.springframework.jdbc.datasource.init.ResourceDatabasePopulator.populate(ResourceDatabasePopulator.java:254) ~[spring-jdbc-6.1.1.jar:6.1.1]
	at org.springframework.jdbc.datasource.init.DatabasePopulatorUtils.execute(DatabasePopulatorUtils.java:54) ~[spring-jdbc-6.1.1.jar:6.1.1]
	at org.springframework.boot.jdbc.init.DataSourceScriptDatabaseInitializer.runScripts(DataSourceScriptDatabaseInitializer.java:87) ~[spring-boot-3.2.0.jar:3.2.0]
	at org.springframework.boot.sql.init.AbstractScriptDatabaseInitializer.runScripts(AbstractScriptDatabaseInitializer.java:146) ~[spring-boot-3.2.0.jar:3.2.0]
	at org.springframework.boot.sql.init.AbstractScriptDatabaseInitializer.applyScripts(AbstractScriptDatabaseInitializer.java:108) ~[spring-boot-3.2.0.jar:3.2.0]
	at org.springframework.boot.sql.init.AbstractScriptDatabaseInitializer.applyDataScripts(AbstractScriptDatabaseInitializer.java:102) ~[spring-boot-3.2.0.jar:3.2.0]
	at org.springframework.boot.sql.init.AbstractScriptDatabaseInitializer.initializeDatabase(AbstractScriptDatabaseInitializer.java:77) ~[spring-boot-3.2.0.jar:3.2.0]
	at org.springframework.boot.sql.init.AbstractScriptDatabaseInitializer.afterPropertiesSet(AbstractScriptDatabaseInitializer.java:66) ~[spring-boot-3.2.0.jar:3.2.0]
	at org.springframework.beans.factory.support.AbstractAutowireCapableBeanFactory.invokeInitMethods(AbstractAutowireCapableBeanFactory.java:1822) ~[spring-beans-6.1.1.jar:6.1.1]
	at org.springframework.beans.factory.support.AbstractAutowireCapableBeanFactory.initializeBean(AbstractAutowireCapableBeanFactory.java:1771) ~[spring-beans-6.1.1.jar:6.1.1]
	... 18 common frames omitted
Caused by: org.h2.jdbc.JdbcSQLSyntaxErrorException: Table "PRODUCTS" not found (this database is empty); SQL statement:
INSERT INTO products (name, description, reference, quantity, price, created_at, updated_at) VALUES ('Ordinateur Portable', 'Ordinateur portable Dell Inspiron 15', 'DELL-INS-001', 25, 899.99, CURRENT_TIMESTAMP, CURRENT_TIMESTAMP), ('Souris Sans Fil', 'Souris optique sans fil Logitech', 'LOG-MOUSE-001', 150, 29.99, CURRENT_TIMESTAMP, CURRENT_TIMESTAMP), ('Clavier Mécanique', 'Clavier mécanique RGB gaming', 'GAM-KEY-001', 45, 129.99, CURRENT_TIMESTAMP, CURRENT_TIMESTAMP), ('Écran 24 pouces', 'Moniteur LED Full HD 24 pouces', 'MON-24-001', 12, 199.99, CURRENT_TIMESTAMP, CURRENT_TIMESTAMP), ('Disque Dur SSD', 'SSD 500GB Samsung EVO', 'SSD-SAM-500', 0, 79.99, CURRENT_TIMESTAMP, CURRENT_TIMESTAMP), ('Webcam HD', 'Webcam 1080p avec microphone intégré', 'WEB-HD-001', 8, 49.99, CURRENT_TIMESTAMP, CURRENT_TIMESTAMP), ('Casque Audio', 'Casque audio stéréo professionnel', 'AUD-PRO-001', 35, 89.99, CURRENT_TIMESTAMP, CURRENT_TIMESTAMP) [42104-224]
	at org.h2.message.DbException.getJdbcSQLException(DbException.java:514) ~[h2-2.2.224.jar:2.2.224]
	at org.h2.message.DbException.getJdbcSQLException(DbException.java:489) ~[h2-2.2.224.jar:2.2.224]
	at org.h2.message.DbException.get(DbException.java:223) ~[h2-2.2.224.jar:2.2.224]
	at org.h2.message.DbException.get(DbException.java:199) ~[h2-2.2.224.jar:2.2.224]
	at org.h2.command.Parser.getTableOrViewNotFoundDbException(Parser.java:8051) ~[h2-2.2.224.jar:2.2.224]
	at org.h2.command.Parser.getTableOrViewNotFoundDbException(Parser.java:8035) ~[h2-2.2.224.jar:2.2.224]
	at org.h2.command.Parser.readTableOrView(Parser.java:8024) ~[h2-2.2.224.jar:2.2.224]
	at org.h2.command.Parser.readTableOrView(Parser.java:7990) ~[h2-2.2.224.jar:2.2.224]
	at org.h2.command.Parser.parseInsert(Parser.java:1540) ~[h2-2.2.224.jar:2.2.224]
	at org.h2.command.Parser.parsePrepared(Parser.java:719) ~[h2-2.2.224.jar:2.2.224]
	at org.h2.command.Parser.parse(Parser.java:592) ~[h2-2.2.224.jar:2.2.224]
	at org.h2.command.Parser.parse(Parser.java:564) ~[h2-2.2.224.jar:2.2.224]
	at org.h2.command.Parser.prepareCommand(Parser.java:483) ~[h2-2.2.224.jar:2.2.224]
	at org.h2.engine.SessionLocal.prepareLocal(SessionLocal.java:639) ~[h2-2.2.224.jar:2.2.224]
	at org.h2.engine.SessionLocal.prepareCommand(SessionLocal.java:559) ~[h2-2.2.224.jar:2.2.224]
	at org.h2.jdbc.JdbcConnection.prepareCommand(JdbcConnection.java:1166) ~[h2-2.2.224.jar:2.2.224]
	at org.h2.jdbc.JdbcStatement.executeInternal(JdbcStatement.java:245) ~[h2-2.2.224.jar:2.2.224]
	at org.h2.jdbc.JdbcStatement.execute(JdbcStatement.java:231) ~[h2-2.2.224.jar:2.2.224]
	at com.zaxxer.hikari.pool.ProxyStatement.execute(ProxyStatement.java:94) ~[HikariCP-5.0.1.jar:na]
	at com.zaxxer.hikari.pool.HikariProxyStatement.execute(HikariProxyStatement.java) ~[HikariCP-5.0.1.jar:na]
	at org.springframework.jdbc.datasource.init.ScriptUtils.executeSqlScript(ScriptUtils.java:261) ~[spring-jdbc-6.1.1.jar:6.1.1]
	... 28 common frames omitted

[INFO] ------------------------------------------------------------------------
[INFO] BUILD FAILURE
[INFO] ------------------------------------------------------------------------
[INFO] Total time:  3.532 s
[INFO] Finished at: 2025-08-16T12:23:09Z
[INFO] ------------------------------------------------------------------------
[ERROR] Failed to execute goal org.springframework.boot:spring-boot-maven-plugin:3.2.0:run (default-cli) on project stock-api: Process terminated with exit code: 1 -> [Help 1]
[ERROR] 
[ERROR] To see the full stack trace of the errors, re-run Maven with the -e switch.
[ERROR] Re-run Maven using the -X switch to enable full debug logging.
[ERROR] 
[ERROR] For more information about the errors and possible solutions, please read the following articles:
[ERROR] [Help 1] http://cwiki.apache.org/confluence/display/MAVEN/MojoExecutionException

C:\Users\sodjine.agbanavon\Workspace\java_springboot_stock_api>